#
# A fatal error has been detected by the Java Runtime Environment:
#
#  EXCEPTION_UNCAUGHT_CXX_EXCEPTION (0xe06d7363) at pc=0x00007fff34cb567c, pid=8388, tid=2968
#
# JRE version: OpenJDK Runtime Environment Temurin-17.0.4.1+1 (17.0.4.1+1) (build 17.0.4.1+1)
# Java VM: OpenJDK 64-Bit Server VM Temurin-17.0.4.1+1 (17.0.4.1+1, mixed mode, tiered, compressed oops, compressed class ptrs, g1 gc, windows-amd64)
# Problematic frame:
# C  [KERNELBASE.dll+0x6567c]
#
# No core dump will be written. Minidumps are not enabled by default on client versions of Windows
#
# If you would like to submit a bug report, please visit:
#   https://github.com/adoptium/adoptium-support/issues
#

---------------  S U M M A R Y ------------

Command Line: -Dfile.encoding=UTF-8 -XX:+ShowCodeDetailsInExceptionMessages commandLine.PersonnelConsole

Host: Intel(R) Core(TM) i5-10300H CPU @ 2.50GHz, 8 cores, 7G,  Windows 11 , 64 bit Build 22621 (10.0.22621.2506)
Time: Fri Jan 26 17:22:04 2024 Paris, Madrid elapsed time: 0.069015 seconds (0d 0h 0m 0s)

---------------  T H R E A D  ---------------

Current thread (0x0000026054465750):  JavaThread "main" [_thread_in_vm, id=2968, stack(0x000000f4d3d00000,0x000000f4d3e00000)]

Stack: [0x000000f4d3d00000,0x000000f4d3e00000],  sp=0x000000f4d3dfe5a0,  free space=1017k
Native frames: (J=compiled Java code, j=interpreted, Vv=VM code, C=native code)
C  [KERNELBASE.dll+0x6567c]
C  [VCRUNTIME140.dll+0x6220]
C  [jimage.dll+0x32a7]
C  [jimage.dll+0x2a15]
C  [jimage.dll+0x145b]
C  [jimage.dll+0x1e97]
C  [jimage.dll+0x1f2e]
C  [jimage.dll+0x2666]
V  [jvm.dll+0x1f255d]
V  [jvm.dll+0x1f1182]
V  [jvm.dll+0x7ac56b]
V  [jvm.dll+0x7ad912]
V  [jvm.dll+0x7adc48]
V  [jvm.dll+0x23db7e]
V  [jvm.dll+0x23ddcf]
V  [jvm.dll+0x559f88]
V  [jvm.dll+0x55ce37]
V  [jvm.dll+0x383307]
V  [jvm.dll+0x38295f]
C  0x0000026057b3a582

Java frames: (J=compiled Java code, j=interpreted, Vv=VM code)
j  java.lang.System.initPhase2(ZZ)I+0 java.base
v  ~StubRoutines::call_stub

siginfo: EXCEPTION_UNCAUGHT_CXX_EXCEPTION (0xe06d7363), ExceptionInformation=0x0000000019930520 0x000000f4d3dfe700 0x00007fff2fc05138 0x00007fff2fc00000 


Register to memory mapping:

RIP=0x00007fff34cb567c KERNELBASE.dll
RAX=0x0000026000000000 is an unknown value
RBX=0x00007fff2fc05138 jimage.dll
RCX=0x0000000000000010 is an unknown value
RDX=0x0000026000000000 is an unknown value
RSP=0x000000f4d3dfe5a0 is pointing into the stack for thread: 0x0000026054465750
RBP=0x000000f4d3dfe830 is pointing into the stack for thread: 0x0000026054465750
RSI=0x000000f4d3dfe700 is pointing into the stack for thread: 0x0000026054465750
RDI=0x0000000019930520 is an unknown value
R8 =0x00007ffeccf8a3e2 jvm.dll
R9 =0x00000260522ae2e0 points into unknown readable memory: 0x0000026000000002 | 02 00 00 00 60 02 00 00
R10=0x0 is NULL
R11=0x0000026054465750 is a thread
R12=0x00000000000067e7 is an unknown value
R13=0x0000026054465c30 points into unknown readable memory: 0x65746e692f6b646a | 6a 64 6b 2f 69 6e 74 65
R14=0x000002606ec80700 points into unknown readable memory: 0x0000000000000000 | 00 00 00 00 00 00 00 00
R15=0x000002606ec80700 points into unknown readable memory: 0x0000000000000000 | 00 00 00 00 00 00 00 00


Registers:
RAX=0x0000026000000000, RBX=0x00007fff2fc05138, RCX=0x0000000000000010, RDX=0x0000026000000000
RSP=0x000000f4d3dfe5a0, RBP=0x000000f4d3dfe830, RSI=0x000000f4d3dfe700, RDI=0x0000000019930520
R8 =0x00007ffeccf8a3e2, R9 =0x00000260522ae2e0, R10=0x0000000000000000, R11=0x0000026054465750
R12=0x00000000000067e7, R13=0x0000026054465c30, R14=0x000002606ec80700, R15=0x000002606ec80700
RIP=0x00007fff34cb567c, EFLAGS=0x0000000000000202

Top of Stack: (sp=0x000000f4d3dfe5a0)
0x000000f4d3dfe5a0:   0000000000000201 00007fff2fc05138
0x000000f4d3dfe5b0:   000000f4d3dfe700 0000000000000040
0x000000f4d3dfe5c0:   00000081e06d7363 0000000000000000
0x000000f4d3dfe5d0:   00007fff34cb567c 0000000000000004
0x000000f4d3dfe5e0:   0000000019930520 000000f4d3dfe700
0x000000f4d3dfe5f0:   00007fff2fc05138 00007fff2fc00000
0x000000f4d3dfe600:   0000026000000000 0000026052250000
0x000000f4d3dfe610:   0000000000000000 00007fff2fc05138
0x000000f4d3dfe620:   000002606ec80700 00007fff379865bf
0x000000f4d3dfe630:   000000f4d3dfe6a0 00007fff2fc07000
0x000000f4d3dfe640:   000000f4d3dfe700 0000000019930520
0x000000f4d3dfe650:   00007fff2fc07000 00007fff2fc00000
0x000000f4d3dfe660:   0000dbc2a9c74730 00007fff34c7401b
0x000000f4d3dfe670:   00007fff2fc05138 00007fff1f146220
0x000000f4d3dfe680:   0000dc279c0cce4d 0000000000000010
0x000000f4d3dfe690:   0000000000000008 00007fff352b00b5 

Instructions: (pc=0x00007fff34cb567c)
0x00007fff34cb557c:   ff 4c 8d 05 1c 61 2c 00 33 d2 b9 00 00 10 00 e8
0x00007fff34cb558c:   70 92 fd ff 4c 8b f0 48 89 44 24 58 48 85 c0 0f
0x00007fff34cb559c:   84 0b fe ff ff 4c 8d 05 10 61 2c 00 33 d2 8d 4a
0x00007fff34cb55ac:   02 e8 4e 92 fd ff 48 8b f8 48 89 44 24 50 e9 ed
0x00007fff34cb55bc:   fd ff ff 45 33 c0 49 8b d7 48 83 c9 ff e8 42 68
0x00007fff34cb55cc:   01 00 e9 08 ff ff ff 48 8b 0d 46 46 2f 00 e8 c1
0x00007fff34cb55dc:   10 fd ff 48 8b cf e8 79 ea fb ff e9 f8 fe ff ff
0x00007fff34cb55ec:   49 8b ce e8 6c ea fb ff e9 f4 fe ff ff 48 8b ce
0x00007fff34cb55fc:   e8 5f ea fb ff e9 f0 fe ff ff cc cc 71 18 d3 7a
0x00007fff34cb560c:   1a 87 89 f9 48 81 ec d8 00 00 00 48 8b 05 62 19
0x00007fff34cb561c:   2f 00 48 33 c4 48 89 84 24 c0 00 00 00 48 83 64
0x00007fff34cb562c:   24 28 00 48 8d 05 da ff ff ff 83 e2 01 89 4c 24
0x00007fff34cb563c:   20 89 54 24 24 48 89 44 24 30 4d 85 c9 74 4f b8
0x00007fff34cb564c:   0f 00 00 00 48 8d 4c 24 40 44 3b c0 49 8b d1 41
0x00007fff34cb565c:   0f 46 c0 44 8b c0 44 89 44 24 38 49 c1 e0 03 e8
0x00007fff34cb566c:   77 ec 05 00 48 8d 4c 24 20 48 ff 15 c4 b2 1f 00
0x00007fff34cb567c:   0f 1f 44 00 00 48 8b 8c 24 c0 00 00 00 48 33 cc
0x00007fff34cb568c:   e8 bf 2f 05 00 48 81 c4 d8 00 00 00 c3 cc 83 64
0x00007fff34cb569c:   24 38 00 eb cf cc cc cc cc cc cc cc 48 8b c4 48
0x00007fff34cb56ac:   89 58 08 48 89 70 10 48 89 78 18 4c 89 68 20 55
0x00007fff34cb56bc:   41 56 41 57 48 8d 68 a1 48 81 ec e0 00 00 00 48
0x00007fff34cb56cc:   8b 05 ae 18 2f 00 48 33 c4 48 89 45 3f 45 33 ff
0x00007fff34cb56dc:   66 c7 45 2b 00 05 48 8d 45 c7 44 89 7d 27 48 89
0x00007fff34cb56ec:   44 24 50 48 8d 4d 27 44 89 7c 24 48 45 33 c9 44
0x00007fff34cb56fc:   89 7c 24 40 45 8d 47 12 44 89 7c 24 38 b2 01 44
0x00007fff34cb570c:   89 7c 24 30 41 8b df 44 89 7c 24 28 41 8b ff 44
0x00007fff34cb571c:   89 7c 24 20 45 8b f7 44 89 7d 2f 66 c7 45 33 00
0x00007fff34cb572c:   01 44 89 7d 37 66 c7 45 3b 00 10 4c 89 7d c7 4c
0x00007fff34cb573c:   89 7d cf 4c 89 7d d7 4c 89 7d df 48 ff 15 12 b3
0x00007fff34cb574c:   1f 00 0f 1f 44 00 00 85 c0 0f 88 a7 02 00 00 48
0x00007fff34cb575c:   8d 45 cf 41 b9 20 02 00 00 48 89 44 24 50 45 8d
0x00007fff34cb576c:   6f 02 44 89 7c 24 48 45 8d 47 20 44 89 7c 24 40 


Stack slot to memory mapping:
stack at sp + 0 slots: 0x0000000000000201 is an unknown value
stack at sp + 1 slots: 0x00007fff2fc05138 jimage.dll
stack at sp + 2 slots: 0x000000f4d3dfe700 is pointing into the stack for thread: 0x0000026054465750
stack at sp + 3 slots: 0x0000000000000040 is an unknown value
stack at sp + 4 slots: 0x00000081e06d7363 is an unknown value
stack at sp + 5 slots: 0x0 is NULL
stack at sp + 6 slots: 0x00007fff34cb567c KERNELBASE.dll
stack at sp + 7 slots: 0x0000000000000004 is an unknown value


---------------  P R O C E S S  ---------------

Threads class SMR info:
_java_thread_list=0x000002606ec2c3b0, length=10, elements={
0x0000026054465750, 0x000002606e3bb020, 0x000002606e3bcea0, 0x000002606ec27c90,
0x000002606ec28f60, 0x000002606ec2b920, 0x000002606ec2c6e0, 0x000002606ec34d90,
0x000002606ec35390, 0x000002606ec37d90
}

Java Threads: ( => current thread )
=>0x0000026054465750 JavaThread "main" [_thread_in_vm, id=2968, stack(0x000000f4d3d00000,0x000000f4d3e00000)]
  0x000002606e3bb020 JavaThread "Reference Handler" daemon [_thread_blocked, id=5316, stack(0x000000f4d4400000,0x000000f4d4500000)]
  0x000002606e3bcea0 JavaThread "Finalizer" daemon [_thread_blocked, id=15636, stack(0x000000f4d4500000,0x000000f4d4600000)]
  0x000002606ec27c90 JavaThread "Signal Dispatcher" daemon [_thread_blocked, id=6044, stack(0x000000f4d4600000,0x000000f4d4700000)]
  0x000002606ec28f60 JavaThread "Attach Listener" daemon [_thread_blocked, id=19060, stack(0x000000f4d4700000,0x000000f4d4800000)]
  0x000002606ec2b920 JavaThread "Service Thread" daemon [_thread_blocked, id=11712, stack(0x000000f4d4800000,0x000000f4d4900000)]
  0x000002606ec2c6e0 JavaThread "Monitor Deflation Thread" daemon [_thread_blocked, id=20408, stack(0x000000f4d4900000,0x000000f4d4a00000)]
  0x000002606ec34d90 JavaThread "C2 CompilerThread0" daemon [_thread_blocked, id=21036, stack(0x000000f4d4a00000,0x000000f4d4b00000)]
  0x000002606ec35390 JavaThread "C1 CompilerThread0" daemon [_thread_blocked, id=21548, stack(0x000000f4d4b00000,0x000000f4d4c00000)]
  0x000002606ec37d90 JavaThread "Sweeper thread" daemon [_thread_blocked, id=23256, stack(0x000000f4d4c00000,0x000000f4d4d00000)]

Other Threads:
  0x000002606e398f00 VMThread "VM Thread" [stack: 0x000000f4d4300000,0x000000f4d4400000] [id=7432]
  0x00000260544c2d60 GCTaskThread "GC Thread#0" [stack: 0x000000f4d3e00000,0x000000f4d3f00000] [id=17448]
  0x00000260544d38a0 ConcurrentGCThread "G1 Main Marker" [stack: 0x000000f4d3f00000,0x000000f4d4000000] [id=26068]
  0x00000260544d42b0 ConcurrentGCThread "G1 Conc#0" [stack: 0x000000f4d4000000,0x000000f4d4100000] [id=20932]
  0x0000026054529760 ConcurrentGCThread "G1 Refine#0" [stack: 0x000000f4d4100000,0x000000f4d4200000] [id=23384]
  0x000002606e1f3340 ConcurrentGCThread "G1 Service" [stack: 0x000000f4d4200000,0x000000f4d4300000] [id=1096]

Threads with active compile tasks:

VM state: not at safepoint (normal execution)

VM Mutex/Monitor currently owned by a thread: None

Heap address: 0x0000000082000000, size: 2016 MB, Compressed Oops mode: 32-bit

CDS archive(s) not mapped
Compressed class space mapped at: 0x0000000100000000-0x0000000140000000, reserved size: 1073741824
Narrow klass base: 0x0000000000000000, Narrow klass shift: 3, Narrow klass range: 0x140000000

GC Precious Log:
 CPUs: 8 total, 8 available
 Memory: 8059M
 Large Page Support: Disabled
 NUMA Support: Disabled
 Compressed Oops: Enabled (32-bit)
 Heap Region Size: 1M
 Heap Min Capacity: 8M
 Heap Initial Capacity: 126M
 Heap Max Capacity: 2016M
 Pre-touch: Disabled
 Parallel Workers: 8
 Concurrent Workers: 2
 Concurrent Refinement Workers: 8
 Periodic GC: Disabled

Heap:
 garbage-first heap   total 129024K, used 0K [0x0000000082000000, 0x0000000100000000)
  region size 1024K, 1 young (1024K), 0 survivors (0K)
 Metaspace       used 2542K, committed 2560K, reserved 1056768K
  class space    used 188K, committed 192K, reserved 1048576K

Heap Regions: E=young(eden), S=young(survivor), O=old, HS=humongous(starts), HC=humongous(continues), CS=collection set, F=free, OA=open archive, CA=closed archive, TAMS=top-at-mark-start (previous, next)
|   0|0x0000000082000000, 0x0000000082000000, 0x0000000082100000|  0%| F|  |TAMS 0x0000000082000000, 0x0000000082000000| Untracked 
|   1|0x0000000082100000, 0x0000000082100000, 0x0000000082200000|  0%| F|  |TAMS 0x0000000082100000, 0x0000000082100000| Untracked 
|   2|0x0000000082200000, 0x0000000082200000, 0x0000000082300000|  0%| F|  |TAMS 0x0000000082200000, 0x0000000082200000| Untracked 
|   3|0x0000000082300000, 0x0000000082300000, 0x0000000082400000|  0%| F|  |TAMS 0x0000000082300000, 0x0000000082300000| Untracked 
|   4|0x0000000082400000, 0x0000000082400000, 0x0000000082500000|  0%| F|  |TAMS 0x0000000082400000, 0x0000000082400000| Untracked 
|   5|0x0000000082500000, 0x0000000082500000, 0x0000000082600000|  0%| F|  |TAMS 0x0000000082500000, 0x0000000082500000| Untracked 
|   6|0x0000000082600000, 0x0000000082600000, 0x0000000082700000|  0%| F|  |TAMS 0x0000000082600000, 0x0000000082600000| Untracked 
|   7|0x0000000082700000, 0x0000000082700000, 0x0000000082800000|  0%| F|  |TAMS 0x0000000082700000, 0x0000000082700000| Untracked 
|   8|0x0000000082800000, 0x0000000082800000, 0x0000000082900000|  0%| F|  |TAMS 0x0000000082800000, 0x0000000082800000| Untracked 
|   9|0x0000000082900000, 0x0000000082900000, 0x0000000082a00000|  0%| F|  |TAMS 0x0000000082900000, 0x0000000082900000| Untracked 
|  10|0x0000000082a00000, 0x0000000082a00000, 0x0000000082b00000|  0%| F|  |TAMS 0x0000000082a00000, 0x0000000082a00000| Untracked 
|  11|0x0000000082b00000, 0x0000000082b00000, 0x0000000082c00000|  0%| F|  |TAMS 0x0000000082b00000, 0x0000000082b00000| Untracked 
|  12|0x0000000082c00000, 0x0000000082c00000, 0x0000000082d00000|  0%| F|  |TAMS 0x0000000082c00000, 0x0000000082c00000| Untracked 
|  13|0x0000000082d00000, 0x0000000082d00000, 0x0000000082e00000|  0%| F|  |TAMS 0x0000000082d00000, 0x0000000082d00000| Untracked 
|  14|0x0000000082e00000, 0x0000000082e00000, 0x0000000082f00000|  0%| F|  |TAMS 0x0000000082e00000, 0x0000000082e00000| Untracked 
|  15|0x0000000082f00000, 0x0000000082f00000, 0x0000000083000000|  0%| F|  |TAMS 0x0000000082f00000, 0x0000000082f00000| Untracked 
|  16|0x0000000083000000, 0x0000000083000000, 0x0000000083100000|  0%| F|  |TAMS 0x0000000083000000, 0x0000000083000000| Untracked 
|  17|0x0000000083100000, 0x0000000083100000, 0x0000000083200000|  0%| F|  |TAMS 0x0000000083100000, 0x0000000083100000| Untracked 
|  18|0x0000000083200000, 0x0000000083200000, 0x0000000083300000|  0%| F|  |TAMS 0x0000000083200000, 0x0000000083200000| Untracked 
|  19|0x0000000083300000, 0x0000000083300000, 0x0000000083400000|  0%| F|  |TAMS 0x0000000083300000, 0x0000000083300000| Untracked 
|  20|0x0000000083400000, 0x0000000083400000, 0x0000000083500000|  0%| F|  |TAMS 0x0000000083400000, 0x0000000083400000| Untracked 
|  21|0x0000000083500000, 0x0000000083500000, 0x0000000083600000|  0%| F|  |TAMS 0x0000000083500000, 0x0000000083500000| Untracked 
|  22|0x0000000083600000, 0x0000000083600000, 0x0000000083700000|  0%| F|  |TAMS 0x0000000083600000, 0x0000000083600000| Untracked 
|  23|0x0000000083700000, 0x0000000083700000, 0x0000000083800000|  0%| F|  |TAMS 0x0000000083700000, 0x0000000083700000| Untracked 
|  24|0x0000000083800000, 0x0000000083800000, 0x0000000083900000|  0%| F|  |TAMS 0x0000000083800000, 0x0000000083800000| Untracked 
|  25|0x0000000083900000, 0x0000000083900000, 0x0000000083a00000|  0%| F|  |TAMS 0x0000000083900000, 0x0000000083900000| Untracked 
|  26|0x0000000083a00000, 0x0000000083a00000, 0x0000000083b00000|  0%| F|  |TAMS 0x0000000083a00000, 0x0000000083a00000| Untracked 
|  27|0x0000000083b00000, 0x0000000083b00000, 0x0000000083c00000|  0%| F|  |TAMS 0x0000000083b00000, 0x0000000083b00000| Untracked 
|  28|0x0000000083c00000, 0x0000000083c00000, 0x0000000083d00000|  0%| F|  |TAMS 0x0000000083c00000, 0x0000000083c00000| Untracked 
|  29|0x0000000083d00000, 0x0000000083d00000, 0x0000000083e00000|  0%| F|  |TAMS 0x0000000083d00000, 0x0000000083d00000| Untracked 
|  30|0x0000000083e00000, 0x0000000083e00000, 0x0000000083f00000|  0%| F|  |TAMS 0x0000000083e00000, 0x0000000083e00000| Untracked 
|  31|0x0000000083f00000, 0x0000000083f00000, 0x0000000084000000|  0%| F|  |TAMS 0x0000000083f00000, 0x0000000083f00000| Untracked 
|  32|0x0000000084000000, 0x0000000084000000, 0x0000000084100000|  0%| F|  |TAMS 0x0000000084000000, 0x0000000084000000| Untracked 
|  33|0x0000000084100000, 0x0000000084100000, 0x0000000084200000|  0%| F|  |TAMS 0x0000000084100000, 0x0000000084100000| Untracked 
|  34|0x0000000084200000, 0x0000000084200000, 0x0000000084300000|  0%| F|  |TAMS 0x0000000084200000, 0x0000000084200000| Untracked 
|  35|0x0000000084300000, 0x0000000084300000, 0x0000000084400000|  0%| F|  |TAMS 0x0000000084300000, 0x0000000084300000| Untracked 
|  36|0x0000000084400000, 0x0000000084400000, 0x0000000084500000|  0%| F|  |TAMS 0x0000000084400000, 0x0000000084400000| Untracked 
|  37|0x0000000084500000, 0x0000000084500000, 0x0000000084600000|  0%| F|  |TAMS 0x0000000084500000, 0x0000000084500000| Untracked 
|  38|0x0000000084600000, 0x0000000084600000, 0x0000000084700000|  0%| F|  |TAMS 0x0000000084600000, 0x0000000084600000| Untracked 
|  39|0x0000000084700000, 0x0000000084700000, 0x0000000084800000|  0%| F|  |TAMS 0x0000000084700000, 0x0000000084700000| Untracked 
|  40|0x0000000084800000, 0x0000000084800000, 0x0000000084900000|  0%| F|  |TAMS 0x0000000084800000, 0x0000000084800000| Untracked 
|  41|0x0000000084900000, 0x0000000084900000, 0x0000000084a00000|  0%| F|  |TAMS 0x0000000084900000, 0x0000000084900000| Untracked 
|  42|0x0000000084a00000, 0x0000000084a00000, 0x0000000084b00000|  0%| F|  |TAMS 0x0000000084a00000, 0x0000000084a00000| Untracked 
|  43|0x0000000084b00000, 0x0000000084b00000, 0x0000000084c00000|  0%| F|  |TAMS 0x0000000084b00000, 0x0000000084b00000| Untracked 
|  44|0x0000000084c00000, 0x0000000084c00000, 0x0000000084d00000|  0%| F|  |TAMS 0x0000000084c00000, 0x0000000084c00000| Untracked 
|  45|0x0000000084d00000, 0x0000000084d00000, 0x0000000084e00000|  0%| F|  |TAMS 0x0000000084d00000, 0x0000000084d00000| Untracked 
|  46|0x0000000084e00000, 0x0000000084e00000, 0x0000000084f00000|  0%| F|  |TAMS 0x0000000084e00000, 0x0000000084e00000| Untracked 
|  47|0x0000000084f00000, 0x0000000084f00000, 0x0000000085000000|  0%| F|  |TAMS 0x0000000084f00000, 0x0000000084f00000| Untracked 
|  48|0x0000000085000000, 0x0000000085000000, 0x0000000085100000|  0%| F|  |TAMS 0x0000000085000000, 0x0000000085000000| Untracked 
|  49|0x0000000085100000, 0x0000000085100000, 0x0000000085200000|  0%| F|  |TAMS 0x0000000085100000, 0x0000000085100000| Untracked 
|  50|0x0000000085200000, 0x0000000085200000, 0x0000000085300000|  0%| F|  |TAMS 0x0000000085200000, 0x0000000085200000| Untracked 
|  51|0x0000000085300000, 0x0000000085300000, 0x0000000085400000|  0%| F|  |TAMS 0x0000000085300000, 0x0000000085300000| Untracked 
|  52|0x0000000085400000, 0x0000000085400000, 0x0000000085500000|  0%| F|  |TAMS 0x0000000085400000, 0x0000000085400000| Untracked 
|  53|0x0000000085500000, 0x0000000085500000, 0x0000000085600000|  0%| F|  |TAMS 0x0000000085500000, 0x0000000085500000| Untracked 
|  54|0x0000000085600000, 0x0000000085600000, 0x0000000085700000|  0%| F|  |TAMS 0x0000000085600000, 0x0000000085600000| Untracked 
|  55|0x0000000085700000, 0x0000000085700000, 0x0000000085800000|  0%| F|  |TAMS 0x0000000085700000, 0x0000000085700000| Untracked 
|  56|0x0000000085800000, 0x0000000085800000, 0x0000000085900000|  0%| F|  |TAMS 0x0000000085800000, 0x0000000085800000| Untracked 
|  57|0x0000000085900000, 0x0000000085900000, 0x0000000085a00000|  0%| F|  |TAMS 0x0000000085900000, 0x0000000085900000| Untracked 
|  58|0x0000000085a00000, 0x0000000085a00000, 0x0000000085b00000|  0%| F|  |TAMS 0x0000000085a00000, 0x0000000085a00000| Untracked 
|  59|0x0000000085b00000, 0x0000000085b00000, 0x0000000085c00000|  0%| F|  |TAMS 0x0000000085b00000, 0x0000000085b00000| Untracked 
|  60|0x0000000085c00000, 0x0000000085c00000, 0x0000000085d00000|  0%| F|  |TAMS 0x0000000085c00000, 0x0000000085c00000| Untracked 
|  61|0x0000000085d00000, 0x0000000085d00000, 0x0000000085e00000|  0%| F|  |TAMS 0x0000000085d00000, 0x0000000085d00000| Untracked 
|  62|0x0000000085e00000, 0x0000000085e00000, 0x0000000085f00000|  0%| F|  |TAMS 0x0000000085e00000, 0x0000000085e00000| Untracked 
|  63|0x0000000085f00000, 0x0000000085f00000, 0x0000000086000000|  0%| F|  |TAMS 0x0000000085f00000, 0x0000000085f00000| Untracked 
|  64|0x0000000086000000, 0x0000000086000000, 0x0000000086100000|  0%| F|  |TAMS 0x0000000086000000, 0x0000000086000000| Untracked 
|  65|0x0000000086100000, 0x0000000086100000, 0x0000000086200000|  0%| F|  |TAMS 0x0000000086100000, 0x0000000086100000| Untracked 
|  66|0x0000000086200000, 0x0000000086200000, 0x0000000086300000|  0%| F|  |TAMS 0x0000000086200000, 0x0000000086200000| Untracked 
|  67|0x0000000086300000, 0x0000000086300000, 0x0000000086400000|  0%| F|  |TAMS 0x0000000086300000, 0x0000000086300000| Untracked 
|  68|0x0000000086400000, 0x0000000086400000, 0x0000000086500000|  0%| F|  |TAMS 0x0000000086400000, 0x0000000086400000| Untracked 
|  69|0x0000000086500000, 0x0000000086500000, 0x0000000086600000|  0%| F|  |TAMS 0x0000000086500000, 0x0000000086500000| Untracked 
|  70|0x0000000086600000, 0x0000000086600000, 0x0000000086700000|  0%| F|  |TAMS 0x0000000086600000, 0x0000000086600000| Untracked 
|  71|0x0000000086700000, 0x0000000086700000, 0x0000000086800000|  0%| F|  |TAMS 0x0000000086700000, 0x0000000086700000| Untracked 
|  72|0x0000000086800000, 0x0000000086800000, 0x0000000086900000|  0%| F|  |TAMS 0x0000000086800000, 0x0000000086800000| Untracked 
|  73|0x0000000086900000, 0x0000000086900000, 0x0000000086a00000|  0%| F|  |TAMS 0x0000000086900000, 0x0000000086900000| Untracked 
|  74|0x0000000086a00000, 0x0000000086a00000, 0x0000000086b00000|  0%| F|  |TAMS 0x0000000086a00000, 0x0000000086a00000| Untracked 
|  75|0x0000000086b00000, 0x0000000086b00000, 0x0000000086c00000|  0%| F|  |TAMS 0x0000000086b00000, 0x0000000086b00000| Untracked 
|  76|0x0000000086c00000, 0x0000000086c00000, 0x0000000086d00000|  0%| F|  |TAMS 0x0000000086c00000, 0x0000000086c00000| Untracked 
|  77|0x0000000086d00000, 0x0000000086d00000, 0x0000000086e00000|  0%| F|  |TAMS 0x0000000086d00000, 0x0000000086d00000| Untracked 
|  78|0x0000000086e00000, 0x0000000086e00000, 0x0000000086f00000|  0%| F|  |TAMS 0x0000000086e00000, 0x0000000086e00000| Untracked 
|  79|0x0000000086f00000, 0x0000000086f00000, 0x0000000087000000|  0%| F|  |TAMS 0x0000000086f00000, 0x0000000086f00000| Untracked 
|  80|0x0000000087000000, 0x0000000087000000, 0x0000000087100000|  0%| F|  |TAMS 0x0000000087000000, 0x0000000087000000| Untracked 
|  81|0x0000000087100000, 0x0000000087100000, 0x0000000087200000|  0%| F|  |TAMS 0x0000000087100000, 0x0000000087100000| Untracked 
|  82|0x0000000087200000, 0x0000000087200000, 0x0000000087300000|  0%| F|  |TAMS 0x0000000087200000, 0x0000000087200000| Untracked 
|  83|0x0000000087300000, 0x0000000087300000, 0x0000000087400000|  0%| F|  |TAMS 0x0000000087300000, 0x0000000087300000| Untracked 
|  84|0x0000000087400000, 0x0000000087400000, 0x0000000087500000|  0%| F|  |TAMS 0x0000000087400000, 0x0000000087400000| Untracked 
|  85|0x0000000087500000, 0x0000000087500000, 0x0000000087600000|  0%| F|  |TAMS 0x0000000087500000, 0x0000000087500000| Untracked 
|  86|0x0000000087600000, 0x0000000087600000, 0x0000000087700000|  0%| F|  |TAMS 0x0000000087600000, 0x0000000087600000| Untracked 
|  87|0x0000000087700000, 0x0000000087700000, 0x0000000087800000|  0%| F|  |TAMS 0x0000000087700000, 0x0000000087700000| Untracked 
|  88|0x0000000087800000, 0x0000000087800000, 0x0000000087900000|  0%| F|  |TAMS 0x0000000087800000, 0x0000000087800000| Untracked 
|  89|0x0000000087900000, 0x0000000087900000, 0x0000000087a00000|  0%| F|  |TAMS 0x0000000087900000, 0x0000000087900000| Untracked 
|  90|0x0000000087a00000, 0x0000000087a00000, 0x0000000087b00000|  0%| F|  |TAMS 0x0000000087a00000, 0x0000000087a00000| Untracked 
|  91|0x0000000087b00000, 0x0000000087b00000, 0x0000000087c00000|  0%| F|  |TAMS 0x0000000087b00000, 0x0000000087b00000| Untracked 
|  92|0x0000000087c00000, 0x0000000087c00000, 0x0000000087d00000|  0%| F|  |TAMS 0x0000000087c00000, 0x0000000087c00000| Untracked 
|  93|0x0000000087d00000, 0x0000000087d00000, 0x0000000087e00000|  0%| F|  |TAMS 0x0000000087d00000, 0x0000000087d00000| Untracked 
|  94|0x0000000087e00000, 0x0000000087e00000, 0x0000000087f00000|  0%| F|  |TAMS 0x0000000087e00000, 0x0000000087e00000| Untracked 
|  95|0x0000000087f00000, 0x0000000087f00000, 0x0000000088000000|  0%| F|  |TAMS 0x0000000087f00000, 0x0000000087f00000| Untracked 
|  96|0x0000000088000000, 0x0000000088000000, 0x0000000088100000|  0%| F|  |TAMS 0x0000000088000000, 0x0000000088000000| Untracked 
|  97|0x0000000088100000, 0x0000000088100000, 0x0000000088200000|  0%| F|  |TAMS 0x0000000088100000, 0x0000000088100000| Untracked 
|  98|0x0000000088200000, 0x0000000088200000, 0x0000000088300000|  0%| F|  |TAMS 0x0000000088200000, 0x0000000088200000| Untracked 
|  99|0x0000000088300000, 0x0000000088300000, 0x0000000088400000|  0%| F|  |TAMS 0x0000000088300000, 0x0000000088300000| Untracked 
| 100|0x0000000088400000, 0x0000000088400000, 0x0000000088500000|  0%| F|  |TAMS 0x0000000088400000, 0x0000000088400000| Untracked 
| 101|0x0000000088500000, 0x0000000088500000, 0x0000000088600000|  0%| F|  |TAMS 0x0000000088500000, 0x0000000088500000| Untracked 
| 102|0x0000000088600000, 0x0000000088600000, 0x0000000088700000|  0%| F|  |TAMS 0x0000000088600000, 0x0000000088600000| Untracked 
| 103|0x0000000088700000, 0x0000000088700000, 0x0000000088800000|  0%| F|  |TAMS 0x0000000088700000, 0x0000000088700000| Untracked 
| 104|0x0000000088800000, 0x0000000088800000, 0x0000000088900000|  0%| F|  |TAMS 0x0000000088800000, 0x0000000088800000| Untracked 
| 105|0x0000000088900000, 0x0000000088900000, 0x0000000088a00000|  0%| F|  |TAMS 0x0000000088900000, 0x0000000088900000| Untracked 
| 106|0x0000000088a00000, 0x0000000088a00000, 0x0000000088b00000|  0%| F|  |TAMS 0x0000000088a00000, 0x0000000088a00000| Untracked 
| 107|0x0000000088b00000, 0x0000000088b00000, 0x0000000088c00000|  0%| F|  |TAMS 0x0000000088b00000, 0x0000000088b00000| Untracked 
| 108|0x0000000088c00000, 0x0000000088c00000, 0x0000000088d00000|  0%| F|  |TAMS 0x0000000088c00000, 0x0000000088c00000| Untracked 
| 109|0x0000000088d00000, 0x0000000088d00000, 0x0000000088e00000|  0%| F|  |TAMS 0x0000000088d00000, 0x0000000088d00000| Untracked 
| 110|0x0000000088e00000, 0x0000000088e00000, 0x0000000088f00000|  0%| F|  |TAMS 0x0000000088e00000, 0x0000000088e00000| Untracked 
| 111|0x0000000088f00000, 0x0000000088f00000, 0x0000000089000000|  0%| F|  |TAMS 0x0000000088f00000, 0x0000000088f00000| Untracked 
| 112|0x0000000089000000, 0x0000000089000000, 0x0000000089100000|  0%| F|  |TAMS 0x0000000089000000, 0x0000000089000000| Untracked 
| 113|0x0000000089100000, 0x0000000089100000, 0x0000000089200000|  0%| F|  |TAMS 0x0000000089100000, 0x0000000089100000| Untracked 
| 114|0x0000000089200000, 0x0000000089200000, 0x0000000089300000|  0%| F|  |TAMS 0x0000000089200000, 0x0000000089200000| Untracked 
| 115|0x0000000089300000, 0x0000000089300000, 0x0000000089400000|  0%| F|  |TAMS 0x0000000089300000, 0x0000000089300000| Untracked 
| 116|0x0000000089400000, 0x0000000089400000, 0x0000000089500000|  0%| F|  |TAMS 0x0000000089400000, 0x0000000089400000| Untracked 
| 117|0x0000000089500000, 0x0000000089500000, 0x0000000089600000|  0%| F|  |TAMS 0x0000000089500000, 0x0000000089500000| Untracked 
| 118|0x0000000089600000, 0x0000000089600000, 0x0000000089700000|  0%| F|  |TAMS 0x0000000089600000, 0x0000000089600000| Untracked 
| 119|0x0000000089700000, 0x0000000089700000, 0x0000000089800000|  0%| F|  |TAMS 0x0000000089700000, 0x0000000089700000| Untracked 
| 120|0x0000000089800000, 0x0000000089800000, 0x0000000089900000|  0%| F|  |TAMS 0x0000000089800000, 0x0000000089800000| Untracked 
| 121|0x0000000089900000, 0x0000000089900000, 0x0000000089a00000|  0%| F|  |TAMS 0x0000000089900000, 0x0000000089900000| Untracked 
| 122|0x0000000089a00000, 0x0000000089a00000, 0x0000000089b00000|  0%| F|  |TAMS 0x0000000089a00000, 0x0000000089a00000| Untracked 
| 123|0x0000000089b00000, 0x0000000089b00000, 0x0000000089c00000|  0%| F|  |TAMS 0x0000000089b00000, 0x0000000089b00000| Untracked 
| 124|0x0000000089c00000, 0x0000000089c00000, 0x0000000089d00000|  0%| F|  |TAMS 0x0000000089c00000, 0x0000000089c00000| Untracked 
| 125|0x0000000089d00000, 0x0000000089deb988, 0x0000000089e00000| 92%| E|  |TAMS 0x0000000089d00000, 0x0000000089d00000| Complete 

Card table byte_map: [0x0000026067240000,0x0000026067630000] _byte_map_base: 0x0000026066e30000

Marking Bits (Prev, Next): (CMBitMap*) 0x00000260544c3370, (CMBitMap*) 0x00000260544c33b0
 Prev Bits: [0x0000026067a20000, 0x00000260699a0000)
 Next Bits: [0x00000260699a0000, 0x000002606b920000)

Polling page: 0x00000260523b0000

Metaspace:

Usage:
  Non-class:      2.30 MB used.
      Class:    188.83 KB used.
       Both:      2.48 MB used.

Virtual space:
  Non-class space:        8.00 MB reserved,       2.31 MB ( 29%) committed,  1 nodes.
      Class space:        1.00 GB reserved,     192.00 KB ( <1%) committed,  1 nodes.
             Both:        1.01 GB reserved,       2.50 MB ( <1%) committed. 

Chunk freelists:
   Non-Class:  0 bytes
       Class:  3.75 MB
        Both:  3.75 MB

MaxMetaspaceSize: unlimited
CompressedClassSpaceSize: 1.00 GB
Initial GC threshold: 21.00 MB
Current GC threshold: 21.00 MB
CDS: off
MetaspaceReclaimPolicy: balanced
 - commit_granule_bytes: 65536.
 - commit_granule_words: 8192.
 - virtual_space_node_default_size: 1048576.
 - enlarge_chunks_in_place: 1.
 - new_chunks_are_fully_committed: 0.
 - uncommit_free_chunks: 1.
 - use_allocation_guard: 0.
 - handle_deallocations: 1.


Internal statistics:

num_allocs_failed_limit: 0.
num_arena_births: 2.
num_arena_deaths: 0.
num_vsnodes_births: 2.
num_vsnodes_deaths: 0.
num_space_committed: 40.
num_space_uncommitted: 0.
num_chunks_returned_to_freelist: 0.
num_chunks_taken_from_freelist: 3.
num_chunk_merges: 0.
num_chunk_splits: 1.
num_chunks_enlarged: 0.
num_purges: 0.
num_inconsistent_stats: 0.

CodeHeap 'non-profiled nmethods': size=120000Kb used=0Kb max_used=0Kb free=120000Kb
 bounds [0x000002605f5f0000, 0x000002605f860000, 0x0000026066b20000]
CodeHeap 'profiled nmethods': size=120000Kb used=0Kb max_used=0Kb free=120000Kb
 bounds [0x00000260580c0000, 0x0000026058330000, 0x000002605f5f0000]
CodeHeap 'non-nmethods': size=5760Kb used=1010Kb max_used=1023Kb free=4749Kb
 bounds [0x0000026057b20000, 0x0000026057d90000, 0x00000260580c0000]
 total_blobs=260 nmethods=0 adapters=174
 compilation: enabled
              stopped_count=0, restarted_count=0
 full_count=0

Compilation events (0 events):
No events

GC Heap History (0 events):
No events

Deoptimization events (0 events):
No events

Classes unloaded (0 events):
No events

Classes redefined (0 events):
No events

Internal exceptions (0 events):
No events

VM Operations (0 events):
No events

Events (20 events):
Event: 0.054 loading class java/util/Collections
Event: 0.054 loading class java/util/Collections done
Event: 0.054 loading class java/util/Collections$EmptySet
Event: 0.054 loading class java/util/Collections$EmptySet done
Event: 0.054 loading class java/util/Collections$EmptyList
Event: 0.054 loading class java/util/Collections$EmptyList done
Event: 0.054 loading class java/util/Collections$EmptyMap
Event: 0.054 loading class java/util/Collections$EmptyMap done
Event: 0.054 loading class java/lang/IllegalArgumentException
Event: 0.054 loading class java/lang/IllegalArgumentException done
Event: 0.054 Thread 0x000002606ec27c90 Thread added: 0x000002606ec27c90
Event: 0.055 Thread 0x000002606ec28f60 Thread added: 0x000002606ec28f60
Event: 0.055 Thread 0x000002606ec2b920 Thread added: 0x000002606ec2b920
Event: 0.055 Thread 0x000002606ec2c6e0 Thread added: 0x000002606ec2c6e0
Event: 0.055 Thread 0x000002606ec34d90 Thread added: 0x000002606ec34d90
Event: 0.055 Thread 0x000002606ec35390 Thread added: 0x000002606ec35390
Event: 0.055 Thread 0x000002606ec37d90 Thread added: 0x000002606ec37d90
Event: 0.055 loading class java/lang/invoke/MethodHandleStatics
Event: 0.055 loading class java/lang/invoke/MethodHandleStatics done
Event: 0.055 loading class jdk/internal/module/ModuleBootstrap


Dynamic libraries:
0x00007ff660f60000 - 0x00007ff660f6e000 	C:\Users\aymer\.p2\pool\plugins\org.eclipse.justj.openjdk.hotspot.jre.full.win32.x86_64_17.0.4.v20221004-1257\jre\bin\javaw.exe
0x00007fff37910000 - 0x00007fff37b27000 	C:\WINDOWS\SYSTEM32\ntdll.dll
0x00007fff362e0000 - 0x00007fff363a4000 	C:\WINDOWS\System32\KERNEL32.DLL
0x00007fff34c50000 - 0x00007fff34ff6000 	C:\WINDOWS\System32\KERNELBASE.dll
0x00007fff35290000 - 0x00007fff353a1000 	C:\WINDOWS\System32\ucrtbase.dll
0x00007fff1f140000 - 0x00007fff1f159000 	C:\Users\aymer\.p2\pool\plugins\org.eclipse.justj.openjdk.hotspot.jre.full.win32.x86_64_17.0.4.v20221004-1257\jre\bin\VCRUNTIME140.dll
0x00007fff1b720000 - 0x00007fff1b738000 	C:\Users\aymer\.p2\pool\plugins\org.eclipse.justj.openjdk.hotspot.jre.full.win32.x86_64_17.0.4.v20221004-1257\jre\bin\jli.dll
0x00007fff369a0000 - 0x00007fff36b4e000 	C:\WINDOWS\System32\USER32.dll
0x00007fff354c0000 - 0x00007fff354e6000 	C:\WINDOWS\System32\win32u.dll
0x00007fff19d10000 - 0x00007fff19fa3000 	C:\WINDOWS\WinSxS\amd64_microsoft.windows.common-controls_6595b64144ccf1df_6.0.22621.2506_none_270c5ae97388e100\COMCTL32.dll
0x00007fff36830000 - 0x00007fff36859000 	C:\WINDOWS\System32\GDI32.dll
0x00007fff36460000 - 0x00007fff36507000 	C:\WINDOWS\System32\msvcrt.dll
0x00007fff35000000 - 0x00007fff35118000 	C:\WINDOWS\System32\gdi32full.dll
0x00007fff35420000 - 0x00007fff354ba000 	C:\WINDOWS\System32\msvcp_win.dll
0x00007fff36f30000 - 0x00007fff36f61000 	C:\WINDOWS\System32\IMM32.DLL
0x00007fff31510000 - 0x00007fff3151c000 	C:\Users\aymer\.p2\pool\plugins\org.eclipse.justj.openjdk.hotspot.jre.full.win32.x86_64_17.0.4.v20221004-1257\jre\bin\vcruntime140_1.dll
0x00007fff16340000 - 0x00007fff163d1000 	C:\Users\aymer\.p2\pool\plugins\org.eclipse.justj.openjdk.hotspot.jre.full.win32.x86_64_17.0.4.v20221004-1257\jre\bin\msvcp140.dll
0x00007ffecca50000 - 0x00007ffecd696000 	C:\Users\aymer\.p2\pool\plugins\org.eclipse.justj.openjdk.hotspot.jre.full.win32.x86_64_17.0.4.v20221004-1257\jre\bin\server\jvm.dll
0x00007fff365f0000 - 0x00007fff366a3000 	C:\WINDOWS\System32\ADVAPI32.dll
0x00007fff363b0000 - 0x00007fff36458000 	C:\WINDOWS\System32\sechost.dll
0x00007fff351a0000 - 0x00007fff351c8000 	C:\WINDOWS\System32\bcrypt.dll
0x00007fff35660000 - 0x00007fff35777000 	C:\WINDOWS\System32\RPCRT4.dll
0x00007fff367c0000 - 0x00007fff367c8000 	C:\WINDOWS\System32\PSAPI.DLL
0x00007ffee6c50000 - 0x00007ffee6c59000 	C:\WINDOWS\SYSTEM32\WSOCK32.dll
0x00007fff2d650000 - 0x00007fff2d684000 	C:\WINDOWS\SYSTEM32\WINMM.dll
0x00007fff36200000 - 0x00007fff36271000 	C:\WINDOWS\System32\WS2_32.dll
0x00007fff28560000 - 0x00007fff2856a000 	C:\WINDOWS\SYSTEM32\VERSION.dll
0x00007fff33d30000 - 0x00007fff33d48000 	C:\WINDOWS\SYSTEM32\kernel.appcore.dll
0x00007fff2fc00000 - 0x00007fff2fc0a000 	C:\Users\aymer\.p2\pool\plugins\org.eclipse.justj.openjdk.hotspot.jre.full.win32.x86_64_17.0.4.v20221004-1257\jre\bin\jimage.dll
0x00007fff323f0000 - 0x00007fff32623000 	C:\WINDOWS\SYSTEM32\DBGHELP.DLL
0x00007fff37540000 - 0x00007fff378c9000 	C:\WINDOWS\System32\combase.dll
0x00007fff36510000 - 0x00007fff365e7000 	C:\WINDOWS\System32\OLEAUT32.dll
0x00007fff277c0000 - 0x00007fff277f2000 	C:\WINDOWS\SYSTEM32\dbgcore.DLL
0x00007fff35120000 - 0x00007fff3519a000 	C:\WINDOWS\System32\bcryptPrimitives.dll
0x00007fff1b770000 - 0x00007fff1b795000 	C:\Users\aymer\.p2\pool\plugins\org.eclipse.justj.openjdk.hotspot.jre.full.win32.x86_64_17.0.4.v20221004-1257\jre\bin\java.dll
0x00007fff2e0d0000 - 0x00007fff2e0e8000 	C:\Users\aymer\.p2\pool\plugins\org.eclipse.justj.openjdk.hotspot.jre.full.win32.x86_64_17.0.4.v20221004-1257\jre\bin\zip.dll
0x00007fff359a0000 - 0x00007fff361fa000 	C:\WINDOWS\System32\SHELL32.dll
0x00007fff32b50000 - 0x00007fff33446000 	C:\WINDOWS\SYSTEM32\windows.storage.dll
0x00007fff32a10000 - 0x00007fff32b4e000 	C:\WINDOWS\SYSTEM32\wintypes.dll
0x00007fff36b50000 - 0x00007fff36c43000 	C:\WINDOWS\System32\SHCORE.dll
0x00007fff367d0000 - 0x00007fff3682e000 	C:\WINDOWS\System32\shlwapi.dll
0x00007fff34b80000 - 0x00007fff34ba6000 	C:\WINDOWS\SYSTEM32\profapi.dll

dbghelp: loaded successfully - version: 4.0.5 - missing functions: none
symbol engine: initialized successfully - sym options: 0x614 - pdb path: .;C:\Users\aymer\.p2\pool\plugins\org.eclipse.justj.openjdk.hotspot.jre.full.win32.x86_64_17.0.4.v20221004-1257\jre\bin;C:\WINDOWS\SYSTEM32;C:\WINDOWS\WinSxS\amd64_microsoft.windows.common-controls_6595b64144ccf1df_6.0.22621.2506_none_270c5ae97388e100;C:\Users\aymer\.p2\pool\plugins\org.eclipse.justj.openjdk.hotspot.jre.full.win32.x86_64_17.0.4.v20221004-1257\jre\bin\server

VM Arguments:
jvm_args: -Dfile.encoding=UTF-8 -XX:+ShowCodeDetailsInExceptionMessages 
java_command: commandLine.PersonnelConsole
java_class_path (initial): C:\Users\aymer\OneDrive\Documents\GitHub\personnel\Personnel\target\classes;C:\Users\aymer\.p2\pool\plugins\junit-jupiter-api_5.9.0.jar;C:\Users\aymer\.p2\pool\plugins\junit-jupiter-engine_5.9.0.jar;C:\Users\aymer\.p2\pool\plugins\junit-jupiter-migrationsupport_5.9.0.jar;C:\Users\aymer\.p2\pool\plugins\junit-jupiter-params_5.9.0.jar;C:\Users\aymer\.p2\pool\plugins\junit-platform-commons_1.9.0.jar;C:\Users\aymer\.p2\pool\plugins\junit-platform-engine_1.9.0.jar;C:\Users\aymer\.p2\pool\plugins\junit-platform-launcher_1.9.0.jar;C:\Users\aymer\.p2\pool\plugins\junit-platform-runner_1.9.0.jar;C:\Users\aymer\.p2\pool\plugins\junit-platform-suite-api_1.9.0.jar;C:\Users\aymer\.p2\pool\plugins\junit-platform-suite-engine_1.9.0.jar;C:\Users\aymer\.p2\pool\plugins\junit-platform-suite-commons_1.9.0.jar;C:\Users\aymer\.p2\pool\plugins\junit-vintage-engine_5.9.0.jar;C:\Users\aymer\.p2\pool\plugins\org.opentest4j_1.2.0.jar;C:\Users\aymer\.p2\pool\plugins\org.apiguardian.api_1.1.2.jar;C:\Users\aymer\.p2\pool\plugins\org.junit_4.13.2.v20211018-1956.jar;C:\Users\aymer\.p2\pool\plugins\org.hamcrest.core_1.3.0.v20180420-1519.jar;C:\Users\aymer\.m2\repository\mysql\mysql-connector-java\8.0.16\mysql-connector-java-8.0.16.jar;C:\Users\aymer\.m2\repository\com\google\protobuf\protobuf-java\3.6.1\protobuf-java-3.6.1.jar;C:\Users\aymer\OneDrive\Documents\GitHub\CommandLine\CommandLine\target\classes
Launcher Type: SUN_STANDARD

[Global flags]
     intx CICompilerCount                          = 4                                         {product} {ergonomic}
     uint ConcGCThreads                            = 2                                         {product} {ergonomic}
     uint G1ConcRefinementThreads                  = 8                                         {product} {ergonomic}
   size_t G1HeapRegionSize                         = 1048576                                   {product} {ergonomic}
    uintx GCDrainStackTargetSize                   = 64                                        {product} {ergonomic}
   size_t InitialHeapSize                          = 132120576                                 {product} {ergonomic}
   size_t MarkStackSize                            = 4194304                                   {product} {ergonomic}
   size_t MaxHeapSize                              = 2113929216                                {product} {ergonomic}
   size_t MaxNewSize                               = 1267728384                                {product} {ergonomic}
   size_t MinHeapDeltaBytes                        = 1048576                                   {product} {ergonomic}
   size_t MinHeapSize                              = 8388608                                   {product} {ergonomic}
    uintx NonNMethodCodeHeapSize                   = 5839372                                {pd product} {ergonomic}
    uintx NonProfiledCodeHeapSize                  = 122909434                              {pd product} {ergonomic}
    uintx ProfiledCodeHeapSize                     = 122909434                              {pd product} {ergonomic}
    uintx ReservedCodeCacheSize                    = 251658240                              {pd product} {ergonomic}
     bool SegmentedCodeCache                       = true                                      {product} {ergonomic}
     bool ShowCodeDetailsInExceptionMessages       = true                                   {manageable} {command line}
   size_t SoftMaxHeapSize                          = 2113929216                             {manageable} {ergonomic}
     bool UseCompressedClassPointers               = true                           {product lp64_product} {ergonomic}
     bool UseCompressedOops                        = true                           {product lp64_product} {ergonomic}
     bool UseG1GC                                  = true                                      {product} {ergonomic}
     bool UseLargePagesIndividualAllocation        = false                                  {pd product} {ergonomic}

Logging:
Log output configuration:
 #0: stdout all=warning uptime,level,tags
 #1: stderr all=off uptime,level,tags

Environment Variables:
PATH=C:/Users/aymer/.p2/pool/plugins/org.eclipse.justj.openjdk.hotspot.jre.full.win32.x86_64_17.0.4.v20221004-1257/jre/bin/server;C:/Users/aymer/.p2/pool/plugins/org.eclipse.justj.openjdk.hotspot.jre.full.win32.x86_64_17.0.4.v20221004-1257/jre/bin;C:\Program Files (x86)\VMware\VMware Workstation\bin\;C:\Program Files (x86)\Common Files\Intel\Shared Libraries\redist\intel64_win\compiler;C:\Program Files (x86)\Common Files\Oracle\Java\javapath;C:\WINDOWS\system32;C:\WINDOWS;C:\WINDOWS\System32\Wbem;C:\WINDOWS\System32\WindowsPowerShell\v1.0\;C:\WINDOWS\System32\OpenSSH\;C:\Program Files (x86)\NVIDIA Corporation\PhysX\Common;C:\Program Files\NVIDIA Corporation\NVIDIA NvDLISR;C:\Program Files\dotnet\;C:\Program Files\nodejs\;C:\Program Files\Git\cmd;C:\ProgramData\chocolatey\bin;C:\Users\aymer\AppData\Local\Microsoft\WindowsApps;C:\Users\aymer\AppData\Local\Programs\Microsoft VS Code\bin;C:\Program Files\JetBrains\IntelliJ IDEA 2023.1\bin;;C:\Users\aymer\AppData\Roaming\npm;C:\Users\aymer\AppData\Local\GitHubDesktop\bin;C:\Program Files\JetBrains\PyCharm 2023.2.4\bin;;C:\Program Files\JetBrains\CLion 2023.2.2\bin;;C:\WINDOWS\system32;
USERNAME=aymer
OS=Windows_NT
PROCESSOR_IDENTIFIER=Intel64 Family 6 Model 165 Stepping 2, GenuineIntel
TMP=C:\Users\aymer\AppData\Local\Temp
TEMP=C:\Users\aymer\AppData\Local\Temp



---------------  S Y S T E M  ---------------

OS:
 Windows 11 , 64 bit Build 22621 (10.0.22621.2506)
OS uptime: 14 days 3:35 hours
Hyper-V role detected

CPU: total 8 (initial active 8) (4 cores per cpu, 2 threads per core) family 6 model 165 stepping 2 microcode 0xea, cx8, cmov, fxsr, ht, mmx, 3dnowpref, sse, sse2, sse3, ssse3, sse4.1, sse4.2, popcnt, lzcnt, tsc, tscinvbit, avx, avx2, aes, erms, clmul, bmi1, bmi2, adx, fma, vzeroupper, clflush, clflushopt, hv

Memory: 4k page, system-wide physical 8059M (474M free)
TotalPageFile size 32635M (AvailPageFile size 3M)
current process WorkingSet (physical memory assigned to process): 24M, peak: 24M
current process commit charge ("private bytes"): 197M, peak: 197M

vm_info: OpenJDK 64-Bit Server VM (17.0.4.1+1) for windows-amd64 JRE (17.0.4.1+1), built on Aug 17 2022 07:42:43 by "temurin" with MS VC++ 16.7 (VS2019)

END.
